<-= 1 =->
city = Tokyo
city = Duluth
<-= 2 =->
pid = p07
pid = p07
pid = p06
pid = p05
pid = p04
pid = p03
pid = p03
<-= 3 =->
cid = c001
name = Tiptop
cid = c006
name = ACME
<-= 4 =->
cid = c006
cid = c001
<-= 5 =->
pid = p01
pid = p02
pid = p03
pid = p04
pid = p05
pid = p06
pid = p07
pid = p08
<-= 6 =->
name = Tiptop
discount = 10.00
city = Duluth
name = ACME
discount = 0.00
city = Kyoto
<-= 7 =->
cid = c002
name = Basics
city = Dallas
discount = 12.00
cid = c003
name = Allied
city = Dallas
discount = 8.00
cid = c004
name = ACME
city = Duluth
discount = 8.00
<-= end =->
